#
# There is insufficient memory for the Java Runtime Environment to continue.
# Native memory allocation (malloc) failed to allocate 32744 bytes for ChunkPool::allocate
# Possible reasons:
#   The system is out of physical RAM or swap space
#   In 32 bit mode, the process size limit was hit
# Possible solutions:
#   Reduce memory load on the system
#   Increase physical memory or swap space
#   Check if swap backing store is full
#   Use 64 bit Java on a 64 bit OS
#   Decrease Java heap size (-Xmx/-Xms)
#   Decrease number of Java threads
#   Decrease Java thread stack sizes (-Xss)
#   Set larger code cache with -XX:ReservedCodeCacheSize=
# This output file may be truncated or incomplete.
#
#  Out of Memory Error (allocation.cpp:273), pid=9008, tid=7916
#
# JRE version: Java(TM) SE Runtime Environment (8.0_73-b02) (build 1.8.0_73-b02)
# Java VM: Java HotSpot(TM) 64-Bit Server VM (25.73-b02 mixed mode windows-amd64 compressed oops)
# Failed to write core dump. Minidumps are not enabled by default on client versions of Windows
#

---------------  T H R E A D  ---------------

Current thread (0x000000001c536800):  JavaThread "restartedMain" [_thread_in_vm, id=7916, stack(0x000000001d530000,0x000000001d630000)]

Stack: [0x000000001d530000,0x000000001d630000]
[error occurred during error reporting (printing stack bounds), id 0xc0000005]

Native frames: (J=compiled Java code, j=interpreted, Vv=VM code, C=native code)

Java frames: (J=compiled Java code, j=interpreted, Vv=VM code)
J 1849  sun.misc.Unsafe.defineAnonymousClass(Ljava/lang/Class;[B[Ljava/lang/Object;)Ljava/lang/Class; (0 bytes) @ 0x0000000003a14bfc [0x0000000003a14b80+0x7c]
j  java.lang.invoke.InnerClassLambdaMetafactory.spinInnerClass()Ljava/lang/Class;+511
j  java.lang.invoke.InnerClassLambdaMetafactory.buildCallSite()Ljava/lang/invoke/CallSite;+1
J 1868 C1 java.lang.invoke.LambdaMetafactory.metafactory(Ljava/lang/invoke/MethodHandles$Lookup;Ljava/lang/String;Ljava/lang/invoke/MethodType;Ljava/lang/invoke/MethodType;Ljava/lang/invoke/MethodHandle;Ljava/lang/invoke/MethodType;)Ljava/lang/invoke/CallSite; (35 bytes) @ 0x0000000003a25194 [0x0000000003a250c0+0xd4]
J 1866 C1 java.lang.invoke.LambdaForm$DMH.invokeStatic_L6_L(Ljava/lang/Object;Ljava/lang/Object;Ljava/lang/Object;Ljava/lang/Object;Ljava/lang/Object;Ljava/lang/Object;Ljava/lang/Object;)Ljava/lang/Object; (24 bytes) @ 0x0000000003a2449c [0x0000000003a24440+0x5c]
j  java.lang.invoke.LambdaForm$BMH.reinvoke(Ljava/lang/Object;Ljava/lang/Object;Ljava/lang/Object;Ljava/lang/Object;Ljava/lang/Object;Ljava/lang/Object;Ljava/lang/Object;)Ljava/lang/Object;+85
J 1867 C1 java.lang.invoke.LambdaForm$MH.invoke_MT(Ljava/lang/Object;Ljava/lang/Object;Ljava/lang/Object;Ljava/lang/Object;Ljava/lang/Object;Ljava/lang/Object;Ljava/lang/Object;Ljava/lang/Object;)Ljava/lang/Object; (34 bytes) @ 0x0000000003a24a6c [0x0000000003a24860+0x20c]
j  java.lang.invoke.CallSite.makeSite(Ljava/lang/invoke/MethodHandle;Ljava/lang/String;Ljava/lang/invoke/MethodType;Ljava/lang/Object;Ljava/lang/Class;)Ljava/lang/invoke/CallSite;+184
J 1860 C1 java.lang.invoke.MethodHandleNatives.linkCallSiteImpl(Ljava/lang/Class;Ljava/lang/invoke/MethodHandle;Ljava/lang/String;Ljava/lang/invoke/MethodType;Ljava/lang/Object;[Ljava/lang/Object;)Ljava/lang/invoke/MemberName; (44 bytes) @ 0x0000000003a226f4 [0x0000000003a226c0+0x34]
J 1859 C1 java.lang.invoke.MethodHandleNatives.linkCallSite(Ljava/lang/Object;Ljava/lang/Object;Ljava/lang/Object;Ljava/lang/Object;Ljava/lang/Object;[Ljava/lang/Object;)Ljava/lang/invoke/MemberName; (65 bytes) @ 0x0000000003a173d4 [0x0000000003a172e0+0xf4]
v  ~StubRoutines::call_stub
j  org.springframework.boot.autoconfigure.web.embedded.TomcatWebServerFactoryCustomizer.customize(Lorg/springframework/boot/web/embedded/tomcat/ConfigurableTomcatWebServerFactory;)V+329
j  org.springframework.boot.autoconfigure.web.embedded.TomcatWebServerFactoryCustomizer.customize(Lorg/springframework/boot/web/server/WebServerFactory;)V+5
j  org.springframework.boot.web.server.WebServerFactoryCustomizerBeanPostProcessor.lambda$postProcessBeforeInitialization$0(Lorg/springframework/boot/web/server/WebServerFactory;Lorg/springframework/boot/web/server/WebServerFactoryCustomizer;)V+2
j  org.springframework.boot.web.server.WebServerFactoryCustomizerBeanPostProcessor$$Lambda$333.accept(Ljava/lang/Object;)V+8
j  org.springframework.boot.util.LambdaSafe$Callbacks.lambda$null$0(Ljava/util/function/Consumer;Ljava/lang/Object;)Ljava/lang/Object;+2
j  org.springframework.boot.util.LambdaSafe$Callbacks$$Lambda$335.get()Ljava/lang/Object;+8
j  org.springframework.boot.util.LambdaSafe$LambdaSafeCallback.invoke(Ljava/lang/Object;Ljava/util/function/Supplier;)Lorg/springframework/boot/util/LambdaSafe$InvocationResult;+26
j  org.springframework.boot.util.LambdaSafe$Callbacks.lambda$invoke$1(Ljava/util/function/Consumer;Ljava/lang/Object;)V+9
j  org.springframework.boot.util.LambdaSafe$Callbacks$$Lambda$334.accept(Ljava/lang/Object;)V+9
j  java.util.ArrayList.forEach(Ljava/util/function/Consumer;)V+47
j  java.util.Collections$UnmodifiableCollection.forEach(Ljava/util/function/Consumer;)V+5
j  org.springframework.boot.util.LambdaSafe$Callbacks.invoke(Ljava/util/function/Consumer;)V+11
j  org.springframework.boot.web.server.WebServerFactoryCustomizerBeanPostProcessor.postProcessBeforeInitialization(Lorg/springframework/boot/web/server/WebServerFactory;)V+28
j  org.springframework.boot.web.server.WebServerFactoryCustomizerBeanPostProcessor.postProcessBeforeInitialization(Ljava/lang/Object;Ljava/lang/String;)Ljava/lang/Object;+12
j  org.springframework.beans.factory.support.AbstractAutowireCapableBeanFactory.applyBeanPostProcessorsBeforeInitialization(Ljava/lang/Object;Ljava/lang/String;)Ljava/lang/Object;+39
j  org.springframework.beans.factory.support.AbstractAutowireCapableBeanFactory.initializeBean(Ljava/lang/String;Ljava/lang/Object;Lorg/springframework/beans/factory/support/RootBeanDefinition;)Ljava/lang/Object;+49
j  org.springframework.beans.factory.support.AbstractAutowireCapableBeanFactory.doCreateBean(Ljava/lang/String;Lorg/springframework/beans/factory/support/RootBeanDefinition;[Ljava/lang/Object;)Ljava/lang/Object;+245
j  org.springframework.beans.factory.support.AbstractAutowireCapableBeanFactory.createBean(Ljava/lang/String;Lorg/springframework/beans/factory/support/RootBeanDefinition;[Ljava/lang/Object;)Ljava/lang/Object;+169
j  org.springframework.beans.factory.support.AbstractBeanFactory.lambda$doGetBean$0(Ljava/lang/String;Lorg/springframework/beans/factory/support/RootBeanDefinition;[Ljava/lang/Object;)Ljava/lang/Object;+4
j  org.springframework.beans.factory.support.AbstractBeanFactory$$Lambda$174.getObject()Ljava/lang/Object;+16
j  org.springframework.beans.factory.support.DefaultSingletonBeanRegistry.getSingleton(Ljava/lang/String;Lorg/springframework/beans/factory/ObjectFactory;)Ljava/lang/Object;+132
J 2174 C1 org.springframework.beans.factory.support.AbstractBeanFactory.doGetBean(Ljava/lang/String;Ljava/lang/Class;[Ljava/lang/Object;Z)Ljava/lang/Object; (874 bytes) @ 0x0000000003aad6b4 [0x0000000003aad1a0+0x514]
J 2190 C1 org.springframework.beans.factory.support.AbstractBeanFactory.getBean(Ljava/lang/String;Ljava/lang/Class;)Ljava/lang/Object; (9 bytes) @ 0x0000000003abc1e4 [0x0000000003abc1a0+0x44]
j  org.springframework.boot.web.servlet.context.ServletWebServerApplicationContext.getWebServerFactory()Lorg/springframework/boot/web/servlet/server/ServletWebServerFactory;+72
j  org.springframework.boot.web.servlet.context.ServletWebServerApplicationContext.createWebServer()V+19
j  org.springframework.boot.web.servlet.context.ServletWebServerApplicationContext.onRefresh()V+5
j  org.springframework.context.support.AbstractApplicationContext.refresh()V+45
j  org.springframework.boot.web.servlet.context.ServletWebServerApplicationContext.refresh()V+1
j  org.springframework.boot.SpringApplication.refresh(Lorg/springframework/context/ConfigurableApplicationContext;)V+1
j  org.springframework.boot.SpringApplication.refresh(Lorg/springframework/context/ApplicationContext;)V+11
j  org.springframework.boot.SpringApplication.refreshContext(Lorg/springframework/context/ConfigurableApplicationContext;)V+2
j  org.springframework.boot.SpringApplication.run([Ljava/lang/String;)Lorg/springframework/context/ConfigurableApplicationContext;+118
j  org.springframework.boot.SpringApplication.run([Ljava/lang/Class;[Ljava/lang/String;)Lorg/springframework/context/ConfigurableApplicationContext;+9
j  org.springframework.boot.SpringApplication.run(Ljava/lang/Class;[Ljava/lang/String;)Lorg/springframework/context/ConfigurableApplicationContext;+9
j  com.cts.product.cart.CartServiceApplication.main([Ljava/lang/String;)V+3
v  ~StubRoutines::call_stub
j  sun.reflect.NativeMethodAccessorImpl.invoke0(Ljava/lang/reflect/Method;Ljava/lang/Object;[Ljava/lang/Object;)Ljava/lang/Object;+0
j  sun.reflect.NativeMethodAccessorImpl.invoke(Ljava/lang/Object;[Ljava/lang/Object;)Ljava/lang/Object;+100
j  sun.reflect.DelegatingMethodAccessorImpl.invoke(Ljava/lang/Object;[Ljava/lang/Object;)Ljava/lang/Object;+6
j  java.lang.reflect.Method.invoke(Ljava/lang/Object;[Ljava/lang/Object;)Ljava/lang/Object;+56
j  org.springframework.boot.devtools.restart.RestartLauncher.run()V+42
v  ~StubRoutines::call_stub

---------------  P R O C E S S  ---------------

Java Threads: ( => current thread )
  0x000000001ced0000 JavaThread "Keep-Alive-Timer" daemon [_thread_blocked, id=28756, stack(0x000000001e230000,0x000000001e330000)]
=>0x000000001c536800 JavaThread "restartedMain" [_thread_in_vm, id=7916, stack(0x000000001d530000,0x000000001d630000)]
  0x000000001c52b800 JavaThread "Thread-2" [_thread_blocked, id=18788, stack(0x000000001d430000,0x000000001d530000)]
  0x000000001a744800 JavaThread "JMX server connection timeout 18" daemon [_thread_blocked, id=19892, stack(0x000000001c360000,0x000000001c460000)]
  0x000000001a701800 JavaThread "RMI TCP Connection(2)-127.0.0.1" daemon [_thread_in_native, id=12428, stack(0x000000001c060000,0x000000001c160000)]
  0x000000001a6c6000 JavaThread "RMI Scheduler(0)" daemon [_thread_blocked, id=16672, stack(0x000000001bf60000,0x000000001c060000)]
  0x000000001876b800 JavaThread "RMI TCP Accept-0" daemon [_thread_in_native, id=3024, stack(0x000000001b950000,0x000000001ba50000)]
  0x00000000189e3800 JavaThread "RMI TCP Connection(1)-127.0.0.1" daemon [_thread_in_native, id=19436, stack(0x000000001b850000,0x000000001b950000)]
  0x000000001a442000 JavaThread "RMI TCP Accept-54809" daemon [_thread_in_native, id=26200, stack(0x000000001b750000,0x000000001b850000)]
  0x00000000188d7800 JavaThread "RMI TCP Accept-0" daemon [_thread_in_native, id=21620, stack(0x000000001b650000,0x000000001b750000)]
  0x000000001885b800 JavaThread "Service Thread" daemon [_thread_blocked, id=26920, stack(0x0000000019f50000,0x000000001a050000)]
  0x00000000187d4800 JavaThread "C1 CompilerThread3" daemon [_thread_blocked, id=10740, stack(0x0000000019e50000,0x0000000019f50000)]
  0x00000000187c9000 JavaThread "C2 CompilerThread2" daemon [_thread_blocked, id=7016, stack(0x0000000019d50000,0x0000000019e50000)]
  0x00000000187c4000 JavaThread "C2 CompilerThread1" daemon [_thread_blocked, id=17080, stack(0x0000000019c50000,0x0000000019d50000)]
  0x00000000187bc000 JavaThread "C2 CompilerThread0" daemon [_thread_blocked, id=24408, stack(0x0000000019b50000,0x0000000019c50000)]
  0x00000000187bb000 JavaThread "Attach Listener" daemon [_thread_blocked, id=23564, stack(0x0000000019a50000,0x0000000019b50000)]
  0x00000000187ba000 JavaThread "Signal Dispatcher" daemon [_thread_blocked, id=2788, stack(0x0000000019950000,0x0000000019a50000)]
  0x00000000186ef000 JavaThread "Finalizer" daemon [_thread_blocked, id=3540, stack(0x0000000019650000,0x0000000019750000)]
  0x00000000186e6800 JavaThread "Reference Handler" daemon [_thread_blocked, id=29236, stack(0x0000000019550000,0x0000000019650000)]
  0x000000000356c000 JavaThread "main" [_thread_blocked, id=18116, stack(0x0000000003460000,0x0000000003560000)]

Other Threads:
  0x0000000017395800 VMThread [stack: 0x0000000019450000,0x0000000019550000] [id=15372]
  0x0000000018743000 WatcherThread [stack: 0x000000001ba50000,0x000000001bb50000] [id=752]

VM state:not at safepoint (normal execution)

VM Mutex/Monitor currently owned by a thread: None

Heap:
 PSYoungGen      total 79872K, used 45146K [0x00000000e0580000, 0x00000000e7300000, 0x0000000100000000)
  eden space 75264K, 53% used [0x00000000e0580000,0x00000000e2d2b9d8,0x00000000e4f00000)
  from space 4608K, 98% used [0x00000000e6e80000,0x00000000e72eae90,0x00000000e7300000)
  to   space 9216K, 0% used [0x00000000e6100000,0x00000000e6100000,0x00000000e6a00000)
 ParOldGen       total 47104K, used 7295K [0x00000000a1000000, 0x00000000a3e00000, 0x00000000e0580000)
  object space 47104K, 15% used [0x00000000a1000000,0x00000000a171ff20,0x00000000a3e00000)
 Metaspace       used 26001K, capacity 27483K, committed 27648K, reserved 1075200K
  class space    used 3471K, capacity 3758K, committed 3840K, reserved 1048576K

Card table byte_map: [0x0000000012a20000,0x0000000012d20000] byte_map_base: 0x0000000012518000

Marking Bits: (ParMarkBitMap*) 0x000000005ccf0600
 Begin Bits: [0x0000000013720000, 0x0000000014ee0000)
 End Bits:   [0x0000000014ee0000, 0x00000000166a0000)

Polling page: 0x00000000033e0000

CodeCache: size=245760Kb used=5412Kb max_used=5412Kb free=240347Kb
 bounds [0x0000000003660000, 0x0000000003bb0000, 0x0000000012660000]
 total_blobs=3118 nmethods=2693 adapters=338
 compilation: enabled

Compilation events (10 events):
Event: 11.672 Thread 0x00000000187d4800 nmethod 2688 0x0000000003b9f190 code [0x0000000003b9f300, 0x0000000003b9f4c8]
Event: 11.672 Thread 0x00000000187d4800 2689       1       java.lang.invoke.MethodHandles$Lookup::findBoundCallerClass (36 bytes)
Event: 11.672 Thread 0x00000000187d4800 nmethod 2689 0x0000000003b9f5d0 code [0x0000000003b9f740, 0x0000000003b9f9b8]
Event: 11.672 Thread 0x00000000187d4800 2692       1       java.lang.invoke.InnerClassLambdaMetafactory::<init> (262 bytes)
Event: 11.675 Thread 0x00000000187d4800 nmethod 2692 0x0000000003b9fad0 code [0x0000000003b9fda0, 0x0000000003ba0dc8]
Event: 11.675 Thread 0x00000000187d4800 2693       1       java.lang.invoke.AbstractValidatingLambdaMetafactory::<init> (289 bytes)
Event: 11.678 Thread 0x00000000187d4800 nmethod 2693 0x0000000003ba1e50 code [0x0000000003ba2180, 0x0000000003ba3348]
Event: 11.678 Thread 0x00000000187d4800 2694       1       java.lang.invoke.MethodHandles$Lookup::lookupModes (8 bytes)
Event: 11.678 Thread 0x00000000187d4800 nmethod 2694 0x0000000003ba48d0 code [0x0000000003ba4a20, 0x0000000003ba4b30]
Event: 11.678 Thread 0x00000000187d4800 2691   !   1       java.lang.invoke.CallSite::makeSite (457 bytes)

GC Heap History (10 events):
Event: 3.448 GC heap before
{Heap before GC invocations=3 (full 0):
 PSYoungGen      total 28672K, used 28662K [0x00000000e0580000, 0x00000000e3d80000, 0x0000000100000000)
  eden space 24576K, 100% used [0x00000000e0580000,0x00000000e1d80000,0x00000000e1d80000)
  from space 4096K, 99% used [0x00000000e2180000,0x00000000e257db28,0x00000000e2580000)
  to   space 4096K, 0% used [0x00000000e1d80000,0x00000000e1d80000,0x00000000e2180000)
 ParOldGen       total 65536K, used 3129K [0x00000000a1000000, 0x00000000a5000000, 0x00000000e0580000)
  object space 65536K, 4% used [0x00000000a1000000,0x00000000a130e428,0x00000000a5000000)
 Metaspace       used 15218K, capacity 15752K, committed 16000K, reserved 1062912K
  class space    used 1900K, capacity 2057K, committed 2176K, reserved 1048576K
Event: 3.456 GC heap after
Heap after GC invocations=3 (full 0):
 PSYoungGen      total 28672K, used 4080K [0x00000000e0580000, 0x00000000e3d80000, 0x0000000100000000)
  eden space 24576K, 0% used [0x00000000e0580000,0x00000000e0580000,0x00000000e1d80000)
  from space 4096K, 99% used [0x00000000e1d80000,0x00000000e217c250,0x00000000e2180000)
  to   space 4096K, 0% used [0x00000000e3980000,0x00000000e3980000,0x00000000e3d80000)
 ParOldGen       total 65536K, used 5987K [0x00000000a1000000, 0x00000000a5000000, 0x00000000e0580000)
  object space 65536K, 9% used [0x00000000a1000000,0x00000000a15d8d90,0x00000000a5000000)
 Metaspace       used 15218K, capacity 15752K, committed 16000K, reserved 1062912K
  class space    used 1900K, capacity 2057K, committed 2176K, reserved 1048576K
}
Event: 4.111 GC heap before
{Heap before GC invocations=4 (full 0):
 PSYoungGen      total 28672K, used 28656K [0x00000000e0580000, 0x00000000e3d80000, 0x0000000100000000)
  eden space 24576K, 100% used [0x00000000e0580000,0x00000000e1d80000,0x00000000e1d80000)
  from space 4096K, 99% used [0x00000000e1d80000,0x00000000e217c250,0x00000000e2180000)
  to   space 4096K, 0% used [0x00000000e3980000,0x00000000e3980000,0x00000000e3d80000)
 ParOldGen       total 65536K, used 5987K [0x00000000a1000000, 0x00000000a5000000, 0x00000000e0580000)
  object space 65536K, 9% used [0x00000000a1000000,0x00000000a15d8d90,0x00000000a5000000)
 Metaspace       used 17681K, capacity 18378K, committed 18688K, reserved 1064960K
  class space    used 2277K, capacity 2466K, committed 2560K, reserved 1048576K
Event: 4.118 GC heap after
Heap after GC invocations=4 (full 0):
 PSYoungGen      total 53248K, used 4064K [0x00000000e0580000, 0x00000000e3d80000, 0x0000000100000000)
  eden space 49152K, 0% used [0x00000000e0580000,0x00000000e0580000,0x00000000e3580000)
  from space 4096K, 99% used [0x00000000e3980000,0x00000000e3d78260,0x00000000e3d80000)
  to   space 4096K, 0% used [0x00000000e3580000,0x00000000e3580000,0x00000000e3980000)
 ParOldGen       total 65536K, used 8815K [0x00000000a1000000, 0x00000000a5000000, 0x00000000e0580000)
  object space 65536K, 13% used [0x00000000a1000000,0x00000000a189bfa8,0x00000000a5000000)
 Metaspace       used 17681K, capacity 18378K, committed 18688K, reserved 1064960K
  class space    used 2277K, capacity 2466K, committed 2560K, reserved 1048576K
}
Event: 5.609 GC heap before
{Heap before GC invocations=5 (full 0):
 PSYoungGen      total 53248K, used 32554K [0x00000000e0580000, 0x00000000e3d80000, 0x0000000100000000)
  eden space 49152K, 57% used [0x00000000e0580000,0x00000000e2152998,0x00000000e3580000)
  from space 4096K, 99% used [0x00000000e3980000,0x00000000e3d78260,0x00000000e3d80000)
  to   space 4096K, 0% used [0x00000000e3580000,0x00000000e3580000,0x00000000e3980000)
 ParOldGen       total 65536K, used 8815K [0x00000000a1000000, 0x00000000a5000000, 0x00000000e0580000)
  object space 65536K, 13% used [0x00000000a1000000,0x00000000a189bfa8,0x00000000a5000000)
 Metaspace       used 20321K, capacity 21256K, committed 21296K, reserved 1067008K
  class space    used 2669K, capacity 2911K, committed 2944K, reserved 1048576K
Event: 5.617 GC heap after
Heap after GC invocations=5 (full 0):
 PSYoungGen      total 53248K, used 4091K [0x00000000e0580000, 0x00000000e7780000, 0x0000000100000000)
  eden space 49152K, 0% used [0x00000000e0580000,0x00000000e0580000,0x00000000e3580000)
  from space 4096K, 99% used [0x00000000e3580000,0x00000000e397ee18,0x00000000e3980000)
  to   space 9216K, 0% used [0x00000000e6e80000,0x00000000e6e80000,0x00000000e7780000)
 ParOldGen       total 65536K, used 11832K [0x00000000a1000000, 0x00000000a5000000, 0x00000000e0580000)
  object space 65536K, 18% used [0x00000000a1000000,0x00000000a1b8e390,0x00000000a5000000)
 Metaspace       used 20321K, capacity 21256K, committed 21296K, reserved 1067008K
  class space    used 2669K, capacity 2911K, committed 2944K, reserved 1048576K
}
Event: 5.618 GC heap before
{Heap before GC invocations=6 (full 1):
 PSYoungGen      total 53248K, used 4091K [0x00000000e0580000, 0x00000000e7780000, 0x0000000100000000)
  eden space 49152K, 0% used [0x00000000e0580000,0x00000000e0580000,0x00000000e3580000)
  from space 4096K, 99% used [0x00000000e3580000,0x00000000e397ee18,0x00000000e3980000)
  to   space 9216K, 0% used [0x00000000e6e80000,0x00000000e6e80000,0x00000000e7780000)
 ParOldGen       total 65536K, used 11832K [0x00000000a1000000, 0x00000000a5000000, 0x00000000e0580000)
  object space 65536K, 18% used [0x00000000a1000000,0x00000000a1b8e390,0x00000000a5000000)
 Metaspace       used 20321K, capacity 21256K, committed 21296K, reserved 1067008K
  class space    used 2669K, capacity 2911K, committed 2944K, reserved 1048576K
Event: 5.660 GC heap after
Heap after GC invocations=6 (full 1):
 PSYoungGen      total 53248K, used 0K [0x00000000e0580000, 0x00000000e7780000, 0x0000000100000000)
  eden space 49152K, 0% used [0x00000000e0580000,0x00000000e0580000,0x00000000e3580000)
  from space 4096K, 0% used [0x00000000e3580000,0x00000000e3580000,0x00000000e3980000)
  to   space 9216K, 0% used [0x00000000e6e80000,0x00000000e6e80000,0x00000000e7780000)
 ParOldGen       total 47104K, used 7287K [0x00000000a1000000, 0x00000000a3e00000, 0x00000000e0580000)
  object space 47104K, 15% used [0x00000000a1000000,0x00000000a171df20,0x00000000a3e00000)
 Metaspace       used 20319K, capacity 21250K, committed 21296K, reserved 1067008K
  class space    used 2669K, capacity 2910K, committed 2944K, reserved 1048576K
}
Event: 10.156 GC heap before
{Heap before GC invocations=7 (full 1):
 PSYoungGen      total 53248K, used 49152K [0x00000000e0580000, 0x00000000e7780000, 0x0000000100000000)
  eden space 49152K, 100% used [0x00000000e0580000,0x00000000e3580000,0x00000000e3580000)
  from space 4096K, 0% used [0x00000000e3580000,0x00000000e3580000,0x00000000e3980000)
  to   space 9216K, 0% used [0x00000000e6e80000,0x00000000e6e80000,0x00000000e7780000)
 ParOldGen       total 47104K, used 7287K [0x00000000a1000000, 0x00000000a3e00000, 0x00000000e0580000)
  object space 47104K, 15% used [0x00000000a1000000,0x00000000a171df20,0x00000000a3e00000)
 Metaspace       used 22701K, capacity 23758K, committed 24064K, reserved 1071104K
  class space    used 2989K, capacity 3224K, committed 3328K, reserved 1048576K
Event: 10.162 GC heap after
Heap after GC invocations=7 (full 1):
 PSYoungGen      total 79872K, used 4523K [0x00000000e0580000, 0x00000000e7300000, 0x0000000100000000)
  eden space 75264K, 0% used [0x00000000e0580000,0x00000000e0580000,0x00000000e4f00000)
  from space 4608K, 98% used [0x00000000e6e80000,0x00000000e72eae90,0x00000000e7300000)
  to   space 9216K, 0% used [0x00000000e6100000,0x00000000e6100000,0x00000000e6a00000)
 ParOldGen       total 47104K, used 7295K [0x00000000a1000000, 0x00000000a3e00000, 0x00000000e0580000)
  object space 47104K, 15% used [0x00000000a1000000,0x00000000a171ff20,0x00000000a3e00000)
 Metaspace       used 22701K, capacity 23758K, committed 24064K, reserved 1071104K
  class space    used 2989K, capacity 3224K, committed 3328K, reserved 1048576K
}

Deoptimization events (0 events):
No events

Internal exceptions (10 events):
Event: 11.585 Thread 0x000000001c536800 Exception <a 'java/lang/ArrayIndexOutOfBoundsException'> (0x00000000e29b00a0) thrown at [D:\re\puppet\workspace\8-2-build-windows-amd64-cygwin\jdk8u73\6086\hotspot\src\share\vm\runtime\sharedRuntime.cpp, line 605]
Event: 11.597 Thread 0x000000001c536800 Exception <a 'java/lang/ArrayIndexOutOfBoundsException'> (0x00000000e2a0dff0) thrown at [D:\re\puppet\workspace\8-2-build-windows-amd64-cygwin\jdk8u73\6086\hotspot\src\share\vm\runtime\sharedRuntime.cpp, line 605]
Event: 11.604 Thread 0x000000001c536800 Exception <a 'java/lang/ArrayIndexOutOfBoundsException'> (0x00000000e2a37730) thrown at [D:\re\puppet\workspace\8-2-build-windows-amd64-cygwin\jdk8u73\6086\hotspot\src\share\vm\runtime\sharedRuntime.cpp, line 605]
Event: 11.634 Thread 0x000000001c536800 Exception <a 'java/lang/ArrayIndexOutOfBoundsException'> (0x00000000e2ae73f8) thrown at [D:\re\puppet\workspace\8-2-build-windows-amd64-cygwin\jdk8u73\6086\hotspot\src\share\vm\runtime\sharedRuntime.cpp, line 605]
Event: 11.634 Thread 0x000000001c536800 Exception <a 'java/lang/ArrayIndexOutOfBoundsException'> (0x00000000e2ae8740) thrown at [D:\re\puppet\workspace\8-2-build-windows-amd64-cygwin\jdk8u73\6086\hotspot\src\share\vm\runtime\sharedRuntime.cpp, line 605]
Event: 11.637 Thread 0x000000001c536800 Exception <a 'java/lang/ArrayIndexOutOfBoundsException'> (0x00000000e2af73a8) thrown at [D:\re\puppet\workspace\8-2-build-windows-amd64-cygwin\jdk8u73\6086\hotspot\src\share\vm\runtime\sharedRuntime.cpp, line 605]
Event: 11.660 Thread 0x000000001c536800 Exception <a 'java/lang/IncompatibleClassChangeError': Found class java.lang.Object, but interface was expected> (0x00000000e2b9b080) thrown at [D:\re\puppet\workspace\8-2-build-windows-amd64-cygwin\jdk8u73\6086\hotspot\src\share\vm\interpreter\linkResolveÔI¶ºœR'@
Event: 11.661 Thread 0x000000001c536800 Exception <a 'java/lang/ArrayIndexOutOfBoundsException'> (0x00000000e2ba0428) thrown at [D:\re\puppet\workspace\8-2-build-windows-amd64-cygwin\jdk8u73\6086\hotspot\src\share\vm\runtime\sharedRuntime.cpp, line 605]
Event: 11.663 Thread 0x000000001c536800 Exception <a 'java/lang/ArrayIndexOutOfBoundsException'> (0x00000000e2babb08) thrown at [D:\re\puppet\workspace\8-2-build-windows-amd64-cygwin\jdk8u73\6086\hotspot\src\share\vm\runtime\sharedRuntime.cpp, line 605]
Event: 11.669 Thread 0x000000001c536800 Exception <a 'java/lang/NoSuchMethodError': java.lang.Object.lambda$and$10(Ljava/util/function/Predicate;Ljava/lang/Object;)Z> (0x00000000e2be4450) thrown at [D:\re\puppet\workspace\8-2-build-windows-amd64-cygwin\jdk8u73\6086\hotspot\src\share\vm\interpret§³îzÄ+'@

Events (10 events):
Event: 11.679 loading class org/springframework/boot/autoconfigure/web/ServerProperties$Tomcat
Event: 11.679 loading class org/springframework/boot/autoconfigure/web/ServerProperties$Tomcat done
Event: 11.679 loading class org/springframework/boot/autoconfigure/web/ServerProperties$Tomcat$Accesslog
Event: 11.679 loading class org/springframework/boot/autoconfigure/web/ServerProperties$Tomcat$Accesslog done
Event: 11.680 loading class org/springframework/boot/web/embedded/tomcat/ConfigurableTomcatWebServerFactory
Event: 11.680 loading class org/springframework/boot/web/embedded/tomcat/ConfigurableTomcatWebServerFactory done
Event: 11.680 loading class org/springframework/boot/autoconfigure/web/ServerProperties$Tomcat$Accesslog
Event: 11.680 loading class org/springframework/boot/autoconfigure/web/ServerProperties$Tomcat$Accesslog done
Event: 11.680 loading class org/springframework/boot/autoconfigure/web/embedded/TomcatWebServerFactoryCustomizer
Event: 11.680 loading class org/springframework/boot/autoconfigure/web/embedded/TomcatWebServerFactoryCustomizer done


Dynamic libraries:
0x00007ff7ad440000 - 0x00007ff7ad477000 	C:\Program Files\Java\jdk1.8.0_73\bin\javaw.exe
0x00007ffe53880000 - 0x00007ffe53a6d000 	C:\windows\SYSTEM32\ntdll.dll
0x00007ffe52b10000 - 0x00007ffe52bc3000 	C:\windows\System32\KERNEL32.DLL
0x00007ffe4f9b0000 - 0x00007ffe4fc45000 	C:\windows\System32\KERNELBASE.dll
0x00007ffe4cfb0000 - 0x00007ffe4d03c000 	C:\windows\SYSTEM32\apphelp.dll
0x00007ffe3b1d0000 - 0x00007ffe3b661000 	C:\windows\SYSTEM32\AcLayers.DLL
0x00007ffe53360000 - 0x00007ffe533fe000 	C:\windows\System32\msvcrt.dll
0x00007ffe52f10000 - 0x00007ffe530a7000 	C:\windows\System32\USER32.dll
0x00007ffe4f990000 - 0x00007ffe4f9b0000 	C:\windows\System32\win32u.dll
0x00007ffe52a30000 - 0x00007ffe52a59000 	C:\windows\System32\GDI32.dll
0x00007ffe50800000 - 0x00007ffe5099b000 	C:\windows\System32\gdi32full.dll
0x00007ffe4fcd0000 - 0x00007ffe4fd70000 	C:\windows\System32\msvcp_win.dll
0x00007ffe50500000 - 0x00007ffe505fa000 	C:\windows\System32\ucrtbase.dll
0x00007ffe535b0000 - 0x00007ffe53602000 	C:\windows\System32\SHLWAPI.dll
0x00007ffe52be0000 - 0x00007ffe52f0c000 	C:\windows\System32\combase.dll
0x00007ffe53460000 - 0x00007ffe53582000 	C:\windows\System32\RPCRT4.dll
0x00007ffe4fc50000 - 0x00007ffe4fcce000 	C:\windows\System32\bcryptPrimitives.dll
0x00007ffe530b0000 - 0x00007ffe53153000 	C:\windows\System32\ADVAPI32.dll
0x00007ffe537b0000 - 0x00007ffe5384e000 	C:\windows\System32\sechost.dll
0x0000000000c90000 - 0x0000000000c93000 	C:\windows\SYSTEM32\sfc.dll
0x00007ffe48940000 - 0x00007ffe489c9000 	C:\windows\SYSTEM32\WINSPOOL.DRV
0x00007ffe4f860000 - 0x00007ffe4f871000 	C:\windows\System32\kernel.appcore.dll
0x00007ffe504d0000 - 0x00007ffe504f6000 	C:\windows\System32\bcrypt.dll
0x00007ffe4a170000 - 0x00007ffe4a319000 	C:\windows\SYSTEM32\PROPSYS.dll
0x00007ffe52030000 - 0x00007ffe520f4000 	C:\windows\System32\OLEAUT32.dll
0x00007ffe52100000 - 0x00007ffe521a9000 	C:\windows\System32\shcore.dll
0x00007ffe4ede0000 - 0x00007ffe4ee1d000 	C:\windows\SYSTEM32\IPHLPAPI.DLL
0x00007ffe3abf0000 - 0x00007ffe3ac02000 	C:\windows\SYSTEM32\sfc_os.DLL
0x00007ffe48340000 - 0x00007ffe48351000 	C:\windows\SYSTEM32\SortWindows61.dll
0x00007ffe53610000 - 0x00007ffe5363e000 	C:\windows\System32\IMM32.DLL
0x00007ffe34810000 - 0x00007ffe34a89000 	C:\windows\WinSxS\amd64_microsoft.windows.common-controls_6595b64144ccf1df_6.0.17763.1339_none_de7015e4534c7114\COMCTL32.dll
0x00007ffe4e3d0000 - 0x00007ffe4e558000 	C:\Program Files\Avecto\Privilege Guard Client\PGHook.dll
0x00007ffe507e0000 - 0x00007ffe507f7000 	C:\windows\System32\CRYPTSP.dll
0x00007ffe4e9e0000 - 0x00007ffe4ea13000 	C:\windows\system32\rsaenh.dll
0x00007ffe4f290000 - 0x00007ffe4f29c000 	C:\windows\SYSTEM32\CRYPTBASE.dll
0x00007ffe50aa0000 - 0x00007ffe51f98000 	C:\windows\System32\shell32.dll
0x00007ffe50a50000 - 0x00007ffe50a9a000 	C:\windows\System32\cfgmgr32.dll
0x00007ffe4fd70000 - 0x00007ffe504c4000 	C:\windows\System32\windows.storage.dll
0x00007ffe4f8e0000 - 0x00007ffe4f904000 	C:\windows\System32\profapi.dll
0x00007ffe4f880000 - 0x00007ffe4f8dd000 	C:\windows\System32\powrprof.dll
0x000000005c290000 - 0x000000005c362000 	C:\Program Files\Java\jdk1.8.0_73\jre\bin\msvcr100.dll
0x000000005c4e0000 - 0x000000005cd70000 	C:\Program Files\Java\jdk1.8.0_73\jre\bin\server\jvm.dll
0x00007ffe52bd0000 - 0x00007ffe52bd8000 	C:\windows\System32\PSAPI.DLL
0x00007ffe429c0000 - 0x00007ffe429c9000 	C:\windows\SYSTEM32\WSOCK32.dll
0x00007ffe531c0000 - 0x00007ffe5322d000 	C:\windows\System32\WS2_32.dll
0x00007ffe4ae30000 - 0x00007ffe4ae54000 	C:\windows\SYSTEM32\WINMM.dll
0x00007ffe4e820000 - 0x00007ffe4e82a000 	C:\windows\SYSTEM32\VERSION.dll
0x00007ffe4ad70000 - 0x00007ffe4ad9d000 	C:\windows\SYSTEM32\WINMMBASE.dll
0x000000005dff0000 - 0x000000005dfff000 	C:\Program Files\Java\jdk1.8.0_73\jre\bin\verify.dll
0x000000005c3d0000 - 0x000000005c3f9000 	C:\Program Files\Java\jdk1.8.0_73\jre\bin\java.dll
0x000000005c3b0000 - 0x000000005c3c6000 	C:\Program Files\Java\jdk1.8.0_73\jre\bin\zip.dll
0x000000005dfe0000 - 0x000000005dfed000 	C:\Program Files\Java\jdk1.8.0_73\jre\bin\management.dll
0x000000005c390000 - 0x000000005c3aa000 	C:\Program Files\Java\jdk1.8.0_73\jre\bin\net.dll
0x00007ffe4f0c0000 - 0x00007ffe4f127000 	C:\windows\system32\mswsock.dll
0x000000005c370000 - 0x000000005c381000 	C:\Program Files\Java\jdk1.8.0_73\jre\bin\nio.dll
0x00007ffe2c430000 - 0x00007ffe2c446000 	C:\windows\system32\napinsp.dll
0x00007ffe2c3b0000 - 0x00007ffe2c3ca000 	C:\windows\system32\pnrpnsp.dll
0x00007ffe4ee20000 - 0x00007ffe4eee7000 	C:\windows\SYSTEM32\DNSAPI.dll
0x00007ffe52020000 - 0x00007ffe52028000 	C:\windows\System32\NSI.dll
0x00007ffe2c470000 - 0x00007ffe2c47e000 	C:\windows\System32\winrnr.dll
0x00007ffe4b360000 - 0x00007ffe4b37b000 	C:\windows\system32\NLAapi.dll
0x00007ffe2c410000 - 0x00007ffe2c425000 	C:\windows\system32\wshbth.dll
0x00007ffe3f970000 - 0x00007ffe3f97a000 	C:\Windows\System32\rasadhlp.dll
0x00007ffe40f40000 - 0x00007ffe40fb9000 	C:\windows\System32\fwpuclnt.dll
0x00007ffe4f750000 - 0x00007ffe4f778000 	C:\windows\SYSTEM32\USERENV.dll
0x00007ffe43230000 - 0x00007ffe43246000 	C:\windows\SYSTEM32\dhcpcsvc6.DLL
0x00007ffe48210000 - 0x00007ffe4822c000 	C:\windows\SYSTEM32\dhcpcsvc.DLL

VM Arguments:
jvm_args: -Dcom.sun.management.jmxremote -Dcom.sun.management.jmxremote.port=54809 -Dcom.sun.management.jmxremote.authenticate=false -Dcom.sun.management.jmxremote.ssl=false -Djava.rmi.server.hostname=localhost -Dspring.jmx.enabled=true -Dspring.application.admin.enabled=true -Xverify:none -XX:TieredStopAtLevel=1 -Dspring.boot.project.name=Cart-Service -Dfile.encoding=UTF-8 
java_command: com.cts.product.cart.CartServiceApplication --spring.output.ansi.enabled=always
java_class_path (initial): C:\Users\602041\Documents\Flightworkspace\Cart-Service\target\classes;C:\Users\602041\.m2\repository\org\springframework\cloud\spring-cloud-starter-config\2.2.4.RELEASE\spring-cloud-starter-config-2.2.4.RELEASE.jar;C:\Users\602041\.m2\repository\org\springframework\cloud\spring-cloud-starter\2.2.4.RELEASE\spring-cloud-starter-2.2.4.RELEASE.jar;C:\Users\602041\.m2\repository\org\springframework\cloud\spring-cloud-context\2.2.4.RELEASE\spring-cloud-context-2.2.4.RELEASE.jar;C:\Users\602041\.m2\repository\org\springframework\security\spring-security-crypto\5.3.3.RELEASE\spring-security-crypto-5.3.3.RELEASE.jar;C:\Users\602041\.m2\repository\org\springframework\cloud\spring-cloud-commons\2.2.4.RELEASE\spring-cloud-commons-2.2.4.RELEASE.jar;C:\Users\602041\.m2\repository\org\springframework\security\spring-security-rsa\1.0.9.RELEASE\spring-security-rsa-1.0.9.RELEASE.jar;C:\Users\602041\.m2\repository\org\bouncycastle\bcpkix-jdk15on\1.64\bcpkix-jdk15on-1.64.jar;C:\Users\602041\.m2\repository\org\bouncycastle\bcprov-jdk15on\1.64\bcprov-jdk15on-1.64.jar;C:\Users\602041\.m2\repository\org\springframework\cloud\spring-cloud-config-client\2.2.4.RELEASE\spring-cloud-config-client-2.2.4.RELEASE.jar;C:\Users\602041\.m2\repository\com\fasterxml\jackson\core\jackson-annotations\2.11.1\jackson-annotations-2.11.1.jar;C:\Users\602041\.m2\repository\com\fasterxml\jackson\core\jackson-databind\2.11.1\jackson-databind-2.11.1.jar;C:\Users\602041\.m2\repository\com\fasterxml\jackson\core\jackson-core\2.11.1\jackson-core-2.11.1.jar;C:\Users\602041\.m2\repository\org\springframework\boot\spring-boot-starter-web\2.3.2.RELEASE\spring-boot-starter-web-2.3.2.RELEASE.jar;C:\Users\602041\.m2\repository\org\springframework\boot\spring-boot-starter\2.3.2.RELEASE\spring-boot-starter-2.3.2.RELEASE.jar;C:\Users\602041\.m2\repository\org\springframework\boot\spring-boot-starter-logging\2.3.2.RELEASE\spring-boot-starter-logging-2.3.2.RELEASE.jar;C:\Users\602041\.m2\repository
Launcher Type: SUN_STANDARD

Environment Variables:
PATH=C:/Program Files/Java/jdk1.8.0_73/bin/../jre/bin/server;C:/Program Files/Java/jdk1.8.0_73/bin/../jre/bin;C:/Program Files/Java/jdk1.8.0_73/bin/../jre/lib/amd64;C:\windows\system32;C:\windows;C:\windows\System32\Wbem;C:\windows\System32\WindowsPowerShell\v1.0\;C:\windows\System32\OpenSSH\;C:\Program Files (x86)\Webex\Webex\Applications;C:\Program Files\nodejs\;C:\Program Files\Java\jdk1.8.0_73\bin;C:\Program Files (x86)\MySQL\MySQL Utilities 1.6\;C:\Users\602041\AppData\Local\Microsoft\WindowsApps;;C:\Users\602041\AppData\Local\Programs\Microsoft VS Code\bin;C:\Users\602041\AppData\Roaming\npm;C:\Users\602041\Downloads\sts-4.7.0.RELEASE;
USERNAME=602041
OS=Windows_NT
PROCESSOR_IDENTIFIER=AMD64 Family 23 Model 24 Stepping 1, AuthenticAMD



---------------  S Y S T E M  ---------------

OS: Windows 10.0 , 64 bit Build 17763 (10.0.17763.1339)

CPU:total 8 (8 cores per cpu, 1 threads per core) family 23 model 24 stepping 1, cmov, cx8, fxsr, mmx, sse, sse2, sse3, ssse3, sse4.1, sse4.2, popcnt, avx, avx2, aes, clmul, mmxext, 3dnowpref, lzcnt, sse4a, tsc, tscinvbit, tscinv, bmi1

Memory: 4k page, physical 6223164k(169156k free), swap 23000380k(40k free)

vm_info: Java HotSpot(TM) 64-Bit Server VM (25.73-b02) for windows-amd64 JRE (1.8.0_73-b02), built on Jan 29 2016 17:38:49 by "java_re" with MS VC++ 10.0 (VS2010)

time: Fri Aug 21 15:33:03 2020
elapsed time: 11 seconds (0d 0h 0m 11s)

